<?xml version="1.0" encoding="UTF-8"?>
<!-- Generated by org.testng.reporters.JUnitReportReporter -->
<testsuite hostname="DESKTOP-LP3SET9" failures="0" tests="1" name="pet.UploadImageTest" time="9.354" errors="0" timestamp="2023-04-11T10:58:22 IST" skipped="0">
  <testcase classname="pet.UploadImageTest" name="upload" time="9.354"/>
  <system-out/>
</testsuite> <!-- pet.UploadImageTest -->
