<?xml version="1.0" encoding="UTF-8"?>
<!-- Generated by org.testng.reporters.JUnitReportReporter -->
<testsuite hostname="DESKTOP-LP3SET9" failures="0" tests="1" name="ToCharaArray" time="4.537" errors="0" timestamp="2023-04-20T14:57:08 IST" skipped="0">
  <testcase classname="ToCharaArray" name="toCharArrayTest" time="4.537"/>
  <system-out/>
</testsuite> <!-- ToCharaArray -->
