<?xml version="1.0" encoding="UTF-8"?>
<!-- Generated by org.testng.reporters.JUnitReportReporter -->
<testsuite hostname="DESKTOP-LP3SET9" failures="0" tests="1" name="dataProvider.PracticePrettyPeek" time="3.084" errors="0" timestamp="2023-04-10T16:09:15 IST" skipped="0">
  <testcase classname="dataProvider.PracticePrettyPeek" name="practicePrettyPeekTest" time="3.084"/>
  <system-out/>
</testsuite> <!-- dataProvider.PracticePrettyPeek -->
