<?xml version="1.0" encoding="UTF-8"?>
<!-- Generated by org.testng.reporters.JUnitReportReporter -->
<testsuite hostname="DESKTOP-LP3SET9" failures="0" tests="1" name="RequestChaining.CrudTest" time="5.652" errors="0" timestamp="2023-04-11T14:41:52 IST" skipped="0">
  <testcase classname="RequestChaining.CrudTest" name="crudTest" time="5.652"/>
  <system-out/>
</testsuite> <!-- RequestChaining.CrudTest -->
