<?xml version="1.0" encoding="UTF-8"?>
<!-- Generated by org.testng.reporters.JUnitReportReporter -->
<testsuite hostname="DESKTOP-LP3SET9" failures="0" tests="1" name="RequestChaining.GetAndDeleteTest" time="4.336" errors="0" timestamp="2023-04-11T13:08:39 IST" skipped="0">
  <testcase classname="RequestChaining.GetAndDeleteTest" name="GetAndDeleteTest" time="4.336"/>
  <system-out/>
</testsuite> <!-- RequestChaining.GetAndDeleteTest -->
