<?xml version="1.0" encoding="UTF-8"?>
<!-- Generated by org.testng.reporters.JUnitReportReporter -->
<testsuite hostname="DESKTOP-LP3SET9" failures="0" tests="1" name="CrudWithBdd.GetSingleProjectTest" time="3.033" errors="0" timestamp="2023-04-08T10:30:10 IST" skipped="0">
  <testcase classname="CrudWithBdd.GetSingleProjectTest" name="getSingleProjectTest" time="3.033"/>
  <system-out/>
</testsuite> <!-- CrudWithBdd.GetSingleProjectTest -->
