<?xml version="1.0" encoding="UTF-8"?>
<!-- Generated by org.testng.reporters.JUnitReportReporter -->
<testsuite hostname="DESKTOP-LP3SET9" failures="0" tests="1" name="endToEnd.EtoETest" time="4.116" errors="0" timestamp="2023-04-12T15:40:19 IST" skipped="0">
  <testcase classname="endToEnd.EtoETest" name="etoETest" time="4.116"/>
  <system-out/>
</testsuite> <!-- endToEnd.EtoETest -->
