<?xml version="1.0" encoding="UTF-8"?>
<!-- Generated by org.testng.reporters.JUnitReportReporter -->
<testsuite hostname="DESKTOP-LP3SET9" failures="0" tests="1" name="endToEnd.EndToEndScenarioTest" time="2.317" errors="0" timestamp="2023-04-11T17:53:49 IST" skipped="0">
  <testcase classname="endToEnd.EndToEndScenarioTest" name="EndToEndScenarioTest" time="2.317"/>
  <system-out/>
</testsuite> <!-- endToEnd.EndToEndScenarioTest -->
