<?xml version="1.0" encoding="UTF-8"?>
<!-- Generated by org.testng.reporters.JUnitReportReporter -->
<testsuite hostname="DESKTOP-LP3SET9" failures="0" tests="1" name="Headers.GetRqst" time="6.138" errors="0" timestamp="2023-05-04T22:51:29 IST" skipped="0">
  <testcase classname="Headers.GetRqst" name="getRequest" time="6.138"/>
  <system-out/>
</testsuite> <!-- Headers.GetRqst -->
