<?xml version="1.0" encoding="UTF-8"?>
<!-- Generated by org.testng.reporters.JUnitReportReporter -->
<testsuite hostname="DESKTOP-LP3SET9" failures="0" tests="1" name="CrudWithBddDifferantWaysToPost.PostWithJsonFile" time="3.536" errors="0" timestamp="2023-04-08T11:45:06 IST" skipped="0">
  <testcase classname="CrudWithBddDifferantWaysToPost.PostWithJsonFile" name="postWithJsonFile" time="3.536"/>
  <system-out/>
</testsuite> <!-- CrudWithBddDifferantWaysToPost.PostWithJsonFile -->
