<?xml version="1.0" encoding="UTF-8"?>
<!-- Generated by org.testng.reporters.JUnitReportReporter -->
<testsuite hostname="DESKTOP-LP3SET9" failures="0" tests="1" name="Validation.StaticValidationTest" time="4.140" errors="0" timestamp="2023-04-08T14:18:01 IST" skipped="0">
  <testcase classname="Validation.StaticValidationTest" name="staticValidationTest" time="4.140"/>
  <system-out/>
</testsuite> <!-- Validation.StaticValidationTest -->
