<?xml version="1.0" encoding="UTF-8"?>
<!-- Generated by org.testng.reporters.JUnitReportReporter -->
<testsuite hostname="DESKTOP-LP3SET9" failures="0" tests="2" name="dataProvider.DataProviderPractice" time="2.618" errors="0" timestamp="2023-04-10T15:52:19 IST" skipped="0">
  <testcase classname="dataProvider.DataProviderPractice" name="dataproviderTest" time="2.531"/>
  <system-out/>
  <testcase classname="dataProvider.DataProviderPractice" name="dataproviderTest" time="0.087"/>
  <system-out/>
</testsuite> <!-- dataProvider.DataProviderPractice -->
