<?xml version="1.0" encoding="UTF-8"?>
<!-- Generated by org.testng.reporters.JUnitReportReporter -->
<testsuite hostname="DESKTOP-LP3SET9" failures="0" tests="1" name="Day5.ResponseTest" time="2.058" errors="0" timestamp="2023-04-10T17:30:28 IST" skipped="0">
  <testcase classname="Day5.ResponseTest" name="responseTest" time="2.058"/>
  <system-out/>
</testsuite> <!-- Day5.ResponseTest -->
