<?xml version="1.0" encoding="UTF-8"?>
<!-- Generated by org.testng.reporters.JUnitReportReporter -->
<testsuite hostname="DESKTOP-LP3SET9" failures="0" tests="1" name="RequestChaining.AddAndDeleteTest" time="5.757" errors="0" timestamp="2023-04-11T12:50:00 IST" skipped="0">
  <testcase classname="RequestChaining.AddAndDeleteTest" name="addAndDeleteTest" time="5.757"/>
  <system-out/>
</testsuite> <!-- RequestChaining.AddAndDeleteTest -->
