<?xml version="1.0" encoding="UTF-8"?>
<!-- Generated by org.testng.reporters.JUnitReportReporter -->
<testsuite hostname="DESKTOP-LP3SET9" failures="0" tests="1" name="pet.UpdateDetailsTest" time="8.293" errors="0" timestamp="2023-04-11T11:01:27 IST" skipped="0">
  <testcase classname="pet.UpdateDetailsTest" name="update" time="8.293"/>
  <system-out/>
</testsuite> <!-- pet.UpdateDetailsTest -->
