<?xml version="1.0" encoding="UTF-8"?>
<!-- Generated by org.testng.reporters.JUnitReportReporter -->
<testsuite hostname="DESKTOP-LP3SET9" failures="0" tests="1" name="crudOperationsWithoutBdd.DeleteProjectTest" time="1.884" errors="0" timestamp="2023-04-07T17:14:18 IST" skipped="0">
  <testcase classname="crudOperationsWithoutBdd.DeleteProjectTest" name="deleteProjectTest" time="1.884"/>
  <system-out/>
</testsuite> <!-- crudOperationsWithoutBdd.DeleteProjectTest -->
