<?xml version="1.0" encoding="UTF-8"?>
<!-- Generated by org.testng.reporters.JUnitReportReporter -->
<testsuite hostname="DESKTOP-LP3SET9" failures="0" tests="1" name="CrudWithBdd.DeleteProjectTest" time="3.437" errors="0" timestamp="2023-04-08T10:57:13 IST" skipped="0">
  <testcase classname="CrudWithBdd.DeleteProjectTest" name="deleteProjectTest" time="3.437"/>
  <system-out/>
</testsuite> <!-- CrudWithBdd.DeleteProjectTest -->
