<?xml version="1.0" encoding="UTF-8"?>
<!-- Generated by org.testng.reporters.JUnitReportReporter -->
<testsuite hostname="DESKTOP-LP3SET9" failures="0" tests="1" name="Validation.DynamicResponseValidationTest" time="4.187" errors="0" timestamp="2023-04-08T14:29:20 IST" skipped="0">
  <testcase classname="Validation.DynamicResponseValidationTest" name="dynamicResponseValidationTest" time="4.187"/>
  <system-out/>
</testsuite> <!-- Validation.DynamicResponseValidationTest -->
