<?xml version="1.0" encoding="UTF-8"?>
<!-- Generated by org.testng.reporters.JUnitReportReporter -->
<testsuite hostname="DESKTOP-LP3SET9" failures="0" tests="1" name="CrudWithBdd.AddProjectTest" time="4.199" errors="0" timestamp="2023-04-11T12:30:10 IST" skipped="0">
  <testcase classname="CrudWithBdd.AddProjectTest" name="addProjectTest" time="4.199"/>
  <system-out/>
</testsuite> <!-- CrudWithBdd.AddProjectTest -->
