<?xml version="1.0" encoding="UTF-8"?>
<!-- Generated by org.testng.reporters.JUnitReportReporter -->
<testsuite hostname="DESKTOP-LP3SET9" failures="0" tests="1" name="Validation.ResponseTimeValidationTest" time="3.093" errors="0" timestamp="2023-04-08T14:32:31 IST" skipped="0">
  <testcase classname="Validation.ResponseTimeValidationTest" name="responseTimeValidationTest" time="3.093"/>
  <system-out/>
</testsuite> <!-- Validation.ResponseTimeValidationTest -->
