<?xml version="1.0" encoding="UTF-8"?>
<!-- Generated by org.testng.reporters.JUnitReportReporter -->
<testsuite hostname="DESKTOP-LP3SET9" failures="0" tests="1" name="specification.SpecificationPractice" time="1.391" errors="0" timestamp="2023-04-13T18:09:57 IST" skipped="0">
  <testcase classname="specification.SpecificationPractice" name="SpecificationPractice" time="1.391"/>
  <system-out/>
</testsuite> <!-- specification.SpecificationPractice -->
