<?xml version="1.0" encoding="UTF-8"?>
<!-- Generated by org.testng.reporters.JUnitReportReporter -->
<testsuite hostname="DESKTOP-LP3SET9" failures="0" tests="1" name="crudOperationsWithoutBdd.GetSingleProjectTest" time="1.897" errors="0" timestamp="2023-04-07T16:15:27 IST" skipped="0">
  <testcase classname="crudOperationsWithoutBdd.GetSingleProjectTest" name="getSingleProjectTest" time="1.897"/>
  <system-out/>
</testsuite> <!-- crudOperationsWithoutBdd.GetSingleProjectTest -->
