<?xml version="1.0" encoding="UTF-8"?>
<!-- Generated by org.testng.reporters.JUnitReportReporter -->
<testsuite hostname="DESKTOP-LP3SET9" failures="0" tests="1" name="crudOperationsWithoutBdd.UpdateProjectTest" time="5.204" errors="0" timestamp="2023-04-07T17:51:45 IST" skipped="0">
  <testcase classname="crudOperationsWithoutBdd.UpdateProjectTest" name="updateProject" time="5.204"/>
  <system-out/>
</testsuite> <!-- crudOperationsWithoutBdd.UpdateProjectTest -->
