<?xml version="1.0" encoding="UTF-8"?>
<!-- Generated by org.testng.reporters.JUnitReportReporter -->
<testsuite hostname="DESKTOP-LP3SET9" failures="0" tests="1" name="CrudWithBdd.GetProjectTest" time="3.805" errors="0" timestamp="2023-04-08T10:27:13 IST" skipped="0">
  <testcase classname="CrudWithBdd.GetProjectTest" name="getProjectTest" time="3.805"/>
  <system-out/>
</testsuite> <!-- CrudWithBdd.GetProjectTest -->
