<?xml version="1.0" encoding="UTF-8"?>
<!-- Generated by org.testng.reporters.JUnitReportReporter -->
<testsuite hostname="DESKTOP-LP3SET9" failures="0" tests="1" name="RequestChaining.AddAndGetTest" time="5.070" errors="0" timestamp="2023-04-11T12:58:50 IST" skipped="0">
  <testcase classname="RequestChaining.AddAndGetTest" name="addAndGetTest" time="5.070"/>
  <system-out/>
</testsuite> <!-- RequestChaining.AddAndGetTest -->
