<?xml version="1.0" encoding="UTF-8"?>
<!-- Generated by org.testng.reporters.JUnitReportReporter -->
<testsuite hostname="DESKTOP-LP3SET9" failures="0" tests="1" name="CrudWithBddDifferantWaysToPost.UsingPojooTest" time="4.024" errors="0" timestamp="2023-04-08T11:52:48 IST" skipped="0">
  <testcase classname="CrudWithBddDifferantWaysToPost.UsingPojooTest" name="usingPojooTest" time="4.024"/>
  <system-out/>
</testsuite> <!-- CrudWithBddDifferantWaysToPost.UsingPojooTest -->
