<?xml version="1.0" encoding="UTF-8"?>
<!-- Generated by org.testng.reporters.JUnitReportReporter -->
<testsuite hostname="DESKTOP-LP3SET9" failures="0" tests="1" name="CrudWithBddDifferantWaysToPost.UsingHashMapTest" time="4.016" errors="0" timestamp="2023-04-08T11:34:13 IST" skipped="0">
  <testcase classname="CrudWithBddDifferantWaysToPost.UsingHashMapTest" name="UsingHashMapTest" time="4.016"/>
  <system-out/>
</testsuite> <!-- CrudWithBddDifferantWaysToPost.UsingHashMapTest -->
