<?xml version="1.0" encoding="UTF-8"?>
<!-- Generated by org.testng.reporters.JUnitReportReporter -->
<testsuite hostname="DESKTOP-LP3SET9" failures="0" tests="1" name="Parameters.QueryParameterTest" time="2.838" errors="0" timestamp="2023-04-08T15:22:48 IST" skipped="0">
  <testcase classname="Parameters.QueryParameterTest" name="queryParameterTest" time="2.838"/>
  <system-out/>
</testsuite> <!-- Parameters.QueryParameterTest -->
