<?xml version="1.0" encoding="UTF-8"?>
<!-- Generated by org.testng.reporters.JUnitReportReporter -->
<testsuite hostname="DESKTOP-LP3SET9" failures="0" tests="1" name="Parameters.PathParameterTest" time="3.178" errors="0" timestamp="2023-04-08T15:03:22 IST" skipped="0">
  <testcase classname="Parameters.PathParameterTest" name="pathParameterTest" time="3.178"/>
  <system-out/>
</testsuite> <!-- Parameters.PathParameterTest -->
