<?xml version="1.0" encoding="UTF-8"?>
<!-- Generated by org.testng.reporters.JUnitReportReporter -->
<testsuite hostname="DESKTOP-LP3SET9" failures="0" tests="1" name="crudOperationsWithoutBdd.AddProjectTest" time="2.501" errors="0" timestamp="2023-04-07T17:24:43 IST" skipped="0">
  <testcase classname="crudOperationsWithoutBdd.AddProjectTest" name="addProject" time="2.501"/>
  <system-out/>
</testsuite> <!-- crudOperationsWithoutBdd.AddProjectTest -->
