<?xml version="1.0" encoding="UTF-8"?>
<!-- Generated by org.testng.reporters.JUnitReportReporter -->
<testsuite hostname="DESKTOP-LP3SET9" failures="0" tests="1" name="CrudWithBdd.UpdateProjectTest" time="3.936" errors="0" timestamp="2023-04-08T10:35:44 IST" skipped="0">
  <testcase classname="CrudWithBdd.UpdateProjectTest" name="updateProjectTest" time="3.936"/>
  <system-out/>
</testsuite> <!-- CrudWithBdd.UpdateProjectTest -->
